This file contains any messages produced by compilers while
running configure, to aid debugging if configure makes a mistake.

It was created by expat configure 2.2.6, which was
generated by GNU Autoconf 2.71.  Invocation command line was

  $ ./configure --no-create --no-recursion

## --------- ##
## Platform. ##
## --------- ##

hostname = renuka
uname -m = x86_64
uname -r = 6.5.0-28-generic
uname -s = Linux
uname -v = #29~22.04.1-Ubuntu SMP PREEMPT_DYNAMIC Thu Apr  4 14:39:20 UTC 2

/usr/bin/uname -p = x86_64
/bin/uname -X     = unknown

/bin/arch              = x86_64
/usr/bin/arch -k       = unknown
/usr/convex/getsysinfo = unknown
/usr/bin/hostinfo      = unknown
/bin/machine           = unknown
/usr/bin/oslevel       = unknown
/bin/universe          = unknown

PATH: /usr/local/sbin/
PATH: /usr/local/bin/
PATH: /usr/sbin/
PATH: /usr/bin/
PATH: /sbin/
PATH: /bin/
PATH: /usr/games/
PATH: /usr/local/games/
PATH: /snap/bin/
PATH: /snap/bin/


## ----------- ##
## Core tests. ##
## ----------- ##

configure:2843: looking for aux files: compile ltmain.sh config.guess config.sub missing install-sh
configure:2856:  trying ./conftools/
configure:2885:   ./conftools/compile found
configure:2885:   ./conftools/ltmain.sh found
configure:2885:   ./conftools/config.guess found
configure:2885:   ./conftools/config.sub found
configure:2885:   ./conftools/missing found
configure:2867:   ./conftools/install-sh found
configure:3018: checking for a BSD-compatible install
configure:3091: result: /usr/bin/install -c
configure:3102: checking whether build environment is sane
configure:3157: result: yes
configure:3316: checking for a race-free mkdir -p
configure:3360: result: /usr/bin/mkdir -p
configure:3367: checking for gawk
configure:3402: result: no
configure:3367: checking for mawk
configure:3388: found /usr/bin/mawk
configure:3399: result: mawk
configure:3410: checking whether make sets $(MAKE)
configure:3433: result: yes
configure:3463: checking whether make supports nested variables
configure:3481: result: yes
configure:3638: checking build system type
configure:3653: result: x86_64-pc-linux-gnu
configure:3673: checking host system type
configure:3687: result: x86_64-pc-linux-gnu
configure:4087: checking how to print strings
configure:4114: result: printf
configure:4148: checking whether make supports the include directive
configure:4163: make -f confmf.GNU && cat confinc.out
make[1]: Entering directory '/home/renuka/Desktop/Source/expat-2.2.6'
make[1]: Leaving directory '/home/renuka/Desktop/Source/expat-2.2.6'
this is the am__doit target
configure:4166: $? = 0
configure:4185: result: yes (GNU style)
configure:4261: checking for gcc
configure:4282: found /usr/bin/gcc
configure:4293: result: gcc
configure:4646: checking for C compiler version
configure:4655: gcc --version >&5
gcc (Ubuntu 11.4.0-1ubuntu1~22.04) 11.4.0
Copyright (C) 2021 Free Software Foundation, Inc.
This is free software; see the source for copying conditions.  There is NO
warranty; not even for MERCHANTABILITY or FITNESS FOR A PARTICULAR PURPOSE.

configure:4666: $? = 0
configure:4655: gcc -v >&5
Using built-in specs.
COLLECT_GCC=gcc
COLLECT_LTO_WRAPPER=/usr/lib/gcc/x86_64-linux-gnu/11/lto-wrapper
OFFLOAD_TARGET_NAMES=nvptx-none:amdgcn-amdhsa
OFFLOAD_TARGET_DEFAULT=1
Target: x86_64-linux-gnu
Configured with: ../src/configure -v --with-pkgversion='Ubuntu 11.4.0-1ubuntu1~22.04' --with-bugurl=file:///usr/share/doc/gcc-11/README.Bugs --enable-languages=c,ada,c++,go,brig,d,fortran,objc,obj-c++,m2 --prefix=/usr --with-gcc-major-version-only --program-suffix=-11 --program-prefix=x86_64-linux-gnu- --enable-shared --enable-linker-build-id --libexecdir=/usr/lib --without-included-gettext --enable-threads=posix --libdir=/usr/lib --enable-nls --enable-bootstrap --enable-clocale=gnu --enable-libstdcxx-debug --enable-libstdcxx-time=yes --with-default-libstdcxx-abi=new --enable-gnu-unique-object --disable-vtable-verify --enable-plugin --enable-default-pie --with-system-zlib --enable-libphobos-checking=release --with-target-system-zlib=auto --enable-objc-gc=auto --enable-multiarch --disable-werror --enable-cet --with-arch-32=i686 --with-abi=m64 --with-multilib-list=m32,m64,mx32 --enable-multilib --with-tune=generic --enable-offload-targets=nvptx-none=/build/gcc-11-XeT9lY/gcc-11-11.4.0/debian/tmp-nvptx/usr,amdgcn-amdhsa=/build/gcc-11-XeT9lY/gcc-11-11.4.0/debian/tmp-gcn/usr --without-cuda-driver --enable-checking=release --build=x86_64-linux-gnu --host=x86_64-linux-gnu --target=x86_64-linux-gnu --with-build-config=bootstrap-lto-lean --enable-link-serialization=2
Thread model: posix
Supported LTO compression algorithms: zlib zstd
gcc version 11.4.0 (Ubuntu 11.4.0-1ubuntu1~22.04) 
... rest of stderr output deleted ...
configure:4666: $? = 0
configure:4655: gcc -V >&5
gcc: error: unrecognized command-line option '-V'
gcc: fatal error: no input files
compilation terminated.
configure:4666: $? = 1
configure:4655: gcc -qversion >&5
gcc: error: unrecognized command-line option '-qversion'; did you mean '--version'?
gcc: fatal error: no input files
compilation terminated.
configure:4666: $? = 1
configure:4655: gcc -version >&5
gcc: error: unrecognized command-line option '-version'
gcc: fatal error: no input files
compilation terminated.
configure:4666: $? = 1
configure:4686: checking whether the C compiler works
configure:4708: gcc   -DHAVE_EXPAT_CONFIG_H  conftest.c  >&5
configure:4712: $? = 0
configure:4762: result: yes
configure:4765: checking for C compiler default output file name
configure:4767: result: a.out
configure:4773: checking for suffix of executables
configure:4780: gcc -o conftest   -DHAVE_EXPAT_CONFIG_H  conftest.c  >&5
configure:4784: $? = 0
configure:4807: result: 
configure:4829: checking whether we are cross compiling
configure:4837: gcc -o conftest   -DHAVE_EXPAT_CONFIG_H  conftest.c  >&5
configure:4841: $? = 0
configure:4848: ./conftest
configure:4852: $? = 0
configure:4867: result: no
configure:4872: checking for suffix of object files
configure:4895: gcc -c   -DHAVE_EXPAT_CONFIG_H conftest.c >&5
configure:4899: $? = 0
configure:4921: result: o
configure:4925: checking whether the compiler supports GNU C
configure:4945: gcc -c   -DHAVE_EXPAT_CONFIG_H conftest.c >&5
configure:4945: $? = 0
configure:4955: result: yes
configure:4966: checking whether gcc accepts -g
configure:4987: gcc -c -g  -DHAVE_EXPAT_CONFIG_H conftest.c >&5
configure:4987: $? = 0
configure:5031: result: yes
configure:5051: checking for gcc option to enable C11 features
configure:5066: gcc  -c -g -O2  -DHAVE_EXPAT_CONFIG_H conftest.c >&5
configure:5066: $? = 0
configure:5084: result: none needed
configure:5200: checking whether gcc understands -c and -o together
configure:5223: gcc -c conftest.c -o conftest2.o
configure:5226: $? = 0
configure:5223: gcc -c conftest.c -o conftest2.o
configure:5226: $? = 0
configure:5238: result: yes
configure:5257: checking dependency style of gcc
configure:5369: result: gcc3
configure:5384: checking for a sed that does not truncate output
configure:5454: result: /usr/bin/sed
configure:5472: checking for grep that handles long lines and -e
configure:5536: result: /usr/bin/grep
configure:5541: checking for egrep
configure:5609: result: /usr/bin/grep -E
configure:5614: checking for fgrep
configure:5682: result: /usr/bin/grep -F
configure:5718: checking for ld used by gcc
configure:5786: result: /usr/bin/ld
configure:5793: checking if the linker (/usr/bin/ld) is GNU ld
configure:5809: result: yes
configure:5821: checking for BSD- or MS-compatible name lister (nm)
configure:5876: result: /usr/bin/nm -B
configure:6016: checking the name lister (/usr/bin/nm -B) interface
configure:6024: gcc -c -g -O2  -DHAVE_EXPAT_CONFIG_H conftest.c >&5
configure:6027: /usr/bin/nm -B "conftest.o"
configure:6030: output
0000000000000000 B some_variable
configure:6037: result: BSD nm
configure:6040: checking whether ln -s works
configure:6044: result: yes
configure:6052: checking the maximum length of command line arguments
configure:6184: result: 1572864
configure:6232: checking how to convert x86_64-pc-linux-gnu file names to x86_64-pc-linux-gnu format
configure:6273: result: func_convert_file_noop
configure:6280: checking how to convert x86_64-pc-linux-gnu file names to toolchain format
configure:6301: result: func_convert_file_noop
configure:6308: checking for /usr/bin/ld option to reload object files
configure:6316: result: -r
configure:6395: checking for objdump
configure:6427: result: objdump
configure:6456: checking how to recognize dependent libraries
configure:6657: result: pass_all
configure:6747: checking for dlltool
configure:6779: result: dlltool
configure:6809: checking how to associate runtime and link libraries
configure:6837: result: printf %s\n
configure:6903: checking for ar
configure:6924: found /usr/bin/ar
configure:6935: result: ar
configure:6972: checking for archiver @FILE support
configure:6990: gcc -c -g -O2  -DHAVE_EXPAT_CONFIG_H conftest.c >&5
configure:6990: $? = 0
configure:6994: ar cr libconftest.a @conftest.lst >&5
configure:6997: $? = 0
configure:7002: ar cr libconftest.a @conftest.lst >&5
ar: conftest.o: No such file or directory
configure:7005: $? = 1
configure:7017: result: @
configure:7080: checking for strip
configure:7101: found /usr/bin/strip
configure:7112: result: strip
configure:7189: checking for ranlib
configure:7210: found /usr/bin/ranlib
configure:7221: result: ranlib
configure:7323: checking command to parse /usr/bin/nm -B output from gcc object
configure:7477: gcc -c -g -O2  -DHAVE_EXPAT_CONFIG_H conftest.c >&5
configure:7480: $? = 0
configure:7484: /usr/bin/nm -B conftest.o | sed -n -e 's/^.*[	 ]\([ABCDGIRSTW][ABCDGIRSTW]*\)[	 ][	 ]*\([_A-Za-z][_A-Za-z0-9]*\)$/\1 \2 \2/p' | sed '/ __gnu_lto/d' > conftest.nm
configure:7550: gcc -o conftest -g -O2  -DHAVE_EXPAT_CONFIG_H  conftest.c conftstm.o >&5
configure:7553: $? = 0
configure:7591: result: ok
configure:7638: checking for sysroot
configure:7669: result: no
configure:7676: checking for a working dd
configure:7720: result: /usr/bin/dd
configure:7724: checking how to truncate binary pipes
configure:7740: result: /usr/bin/dd bs=4096 count=1
configure:7877: gcc -c -g -O2  -DHAVE_EXPAT_CONFIG_H conftest.c >&5
configure:7880: $? = 0
configure:8077: checking for mt
configure:8098: found /usr/bin/mt
configure:8109: result: mt
configure:8132: checking if mt is a manifest tool
configure:8139: mt '-?'
configure:8147: result: no
configure:8877: checking for stdio.h
configure:8877: gcc -c -g -O2  -DHAVE_EXPAT_CONFIG_H conftest.c >&5
configure:8877: $? = 0
configure:8877: result: yes
configure:8877: checking for stdlib.h
configure:8877: gcc -c -g -O2  -DHAVE_EXPAT_CONFIG_H conftest.c >&5
configure:8877: $? = 0
configure:8877: result: yes
configure:8877: checking for string.h
configure:8877: gcc -c -g -O2  -DHAVE_EXPAT_CONFIG_H conftest.c >&5
configure:8877: $? = 0
configure:8877: result: yes
configure:8877: checking for inttypes.h
configure:8877: gcc -c -g -O2  -DHAVE_EXPAT_CONFIG_H conftest.c >&5
configure:8877: $? = 0
configure:8877: result: yes
configure:8877: checking for stdint.h
configure:8877: gcc -c -g -O2  -DHAVE_EXPAT_CONFIG_H conftest.c >&5
configure:8877: $? = 0
configure:8877: result: yes
configure:8877: checking for strings.h
configure:8877: gcc -c -g -O2  -DHAVE_EXPAT_CONFIG_H conftest.c >&5
configure:8877: $? = 0
configure:8877: result: yes
configure:8877: checking for sys/stat.h
configure:8877: gcc -c -g -O2  -DHAVE_EXPAT_CONFIG_H conftest.c >&5
configure:8877: $? = 0
configure:8877: result: yes
configure:8877: checking for sys/types.h
configure:8877: gcc -c -g -O2  -DHAVE_EXPAT_CONFIG_H conftest.c >&5
configure:8877: $? = 0
configure:8877: result: yes
configure:8877: checking for unistd.h
configure:8877: gcc -c -g -O2  -DHAVE_EXPAT_CONFIG_H conftest.c >&5
configure:8877: $? = 0
configure:8877: result: yes
configure:8877: checking for sys/param.h
configure:8877: gcc -c -g -O2  -DHAVE_EXPAT_CONFIG_H conftest.c >&5
configure:8877: $? = 0
configure:8877: result: yes
configure:8902: checking for dlfcn.h
configure:8902: gcc -c -g -O2  -DHAVE_EXPAT_CONFIG_H conftest.c >&5
configure:8902: $? = 0
configure:8902: result: yes
configure:9159: checking for objdir
configure:9175: result: .libs
configure:9439: checking if gcc supports -fno-rtti -fno-exceptions
configure:9458: gcc -c -g -O2  -DHAVE_EXPAT_CONFIG_H -fno-rtti -fno-exceptions conftest.c >&5
cc1: warning: command-line option '-fno-rtti' is valid for C++/D/ObjC++ but not for C
configure:9462: $? = 0
configure:9475: result: no
configure:9839: checking for gcc option to produce PIC
configure:9847: result: -fPIC -DPIC
configure:9855: checking if gcc PIC flag -fPIC -DPIC works
configure:9874: gcc -c -g -O2  -DHAVE_EXPAT_CONFIG_H -fPIC -DPIC -DPIC conftest.c >&5
configure:9878: $? = 0
configure:9891: result: yes
configure:9920: checking if gcc static flag -static works
configure:9949: result: yes
configure:9964: checking if gcc supports -c -o file.o
configure:9986: gcc -c -g -O2  -DHAVE_EXPAT_CONFIG_H -o out/conftest2.o conftest.c >&5
configure:9990: $? = 0
configure:10012: result: yes
configure:10020: checking if gcc supports -c -o file.o
configure:10068: result: yes
configure:10101: checking whether the gcc linker (/usr/bin/ld -m elf_x86_64) supports shared libraries
configure:11371: result: yes
configure:11408: checking whether -lc should be explicitly linked in
configure:11417: gcc -c -g -O2  -DHAVE_EXPAT_CONFIG_H conftest.c >&5
configure:11420: $? = 0
configure:11435: gcc -shared  -fPIC -DPIC conftest.o  -v -Wl,-soname -Wl,conftest -o conftest 2\>\&1 \| /usr/bin/grep  -lc  \>/dev/null 2\>\&1
configure:11438: $? = 0
configure:11452: result: no
configure:11612: checking dynamic linker characteristics
configure:12194: gcc -o conftest -g -O2  -DHAVE_EXPAT_CONFIG_H  -Wl,-rpath -Wl,/foo conftest.c  >&5
configure:12194: $? = 0
configure:12445: result: GNU/Linux ld.so
configure:12567: checking how to hardcode library paths into programs
configure:12592: result: immediate
configure:13144: checking whether stripping libraries is possible
configure:13149: result: yes
configure:13184: checking if libtool supports shared libraries
configure:13186: result: yes
configure:13189: checking whether to build shared libraries
configure:13214: result: yes
configure:13217: checking whether to build static libraries
configure:13221: result: yes
configure:13333: checking for g++
configure:13354: found /usr/bin/g++
configure:13365: result: g++
configure:13392: checking for C++ compiler version
configure:13401: g++ --version >&5
g++ (Ubuntu 11.4.0-1ubuntu1~22.04) 11.4.0
Copyright (C) 2021 Free Software Foundation, Inc.
This is free software; see the source for copying conditions.  There is NO
warranty; not even for MERCHANTABILITY or FITNESS FOR A PARTICULAR PURPOSE.

configure:13412: $? = 0
configure:13401: g++ -v >&5
Using built-in specs.
COLLECT_GCC=g++
COLLECT_LTO_WRAPPER=/usr/lib/gcc/x86_64-linux-gnu/11/lto-wrapper
OFFLOAD_TARGET_NAMES=nvptx-none:amdgcn-amdhsa
OFFLOAD_TARGET_DEFAULT=1
Target: x86_64-linux-gnu
Configured with: ../src/configure -v --with-pkgversion='Ubuntu 11.4.0-1ubuntu1~22.04' --with-bugurl=file:///usr/share/doc/gcc-11/README.Bugs --enable-languages=c,ada,c++,go,brig,d,fortran,objc,obj-c++,m2 --prefix=/usr --with-gcc-major-version-only --program-suffix=-11 --program-prefix=x86_64-linux-gnu- --enable-shared --enable-linker-build-id --libexecdir=/usr/lib --without-included-gettext --enable-threads=posix --libdir=/usr/lib --enable-nls --enable-bootstrap --enable-clocale=gnu --enable-libstdcxx-debug --enable-libstdcxx-time=yes --with-default-libstdcxx-abi=new --enable-gnu-unique-object --disable-vtable-verify --enable-plugin --enable-default-pie --with-system-zlib --enable-libphobos-checking=release --with-target-system-zlib=auto --enable-objc-gc=auto --enable-multiarch --disable-werror --enable-cet --with-arch-32=i686 --with-abi=m64 --with-multilib-list=m32,m64,mx32 --enable-multilib --with-tune=generic --enable-offload-targets=nvptx-none=/build/gcc-11-XeT9lY/gcc-11-11.4.0/debian/tmp-nvptx/usr,amdgcn-amdhsa=/build/gcc-11-XeT9lY/gcc-11-11.4.0/debian/tmp-gcn/usr --without-cuda-driver --enable-checking=release --build=x86_64-linux-gnu --host=x86_64-linux-gnu --target=x86_64-linux-gnu --with-build-config=bootstrap-lto-lean --enable-link-serialization=2
Thread model: posix
Supported LTO compression algorithms: zlib zstd
gcc version 11.4.0 (Ubuntu 11.4.0-1ubuntu1~22.04) 
... rest of stderr output deleted ...
configure:13412: $? = 0
configure:13401: g++ -V >&5
g++: error: unrecognized command-line option '-V'
g++: fatal error: no input files
compilation terminated.
configure:13412: $? = 1
configure:13401: g++ -qversion >&5
g++: error: unrecognized command-line option '-qversion'; did you mean '--version'?
g++: fatal error: no input files
compilation terminated.
configure:13412: $? = 1
configure:13416: checking whether the compiler supports GNU C++
configure:13436: g++ -c   -DHAVE_EXPAT_CONFIG_H conftest.cpp >&5
configure:13436: $? = 0
configure:13446: result: yes
configure:13457: checking whether g++ accepts -g
configure:13478: g++ -c -g  -DHAVE_EXPAT_CONFIG_H conftest.cpp >&5
configure:13478: $? = 0
configure:13522: result: yes
configure:13542: checking for g++ option to enable C++11 features
configure:13557: g++  -c -g -O2  -DHAVE_EXPAT_CONFIG_H conftest.cpp >&5
conftest.cpp: In function 'int main(int, char**)':
conftest.cpp:190:25: warning: empty parentheses were disambiguated as a function declaration [-Wvexing-parse]
  190 |   cxx11test::delegate d2();
      |                         ^~
conftest.cpp:190:25: note: remove parentheses to default-initialize a variable
  190 |   cxx11test::delegate d2();
      |                         ^~
      |                         --
conftest.cpp:190:25: note: or replace parentheses with braces to value-initialize a variable
configure:13557: $? = 0
configure:13575: result: none needed
configure:13641: checking dependency style of g++
configure:13753: result: gcc3
configure:13786: checking how to run the C++ preprocessor
configure:13808: g++ -E  -DHAVE_EXPAT_CONFIG_H conftest.cpp
configure:13808: $? = 0
configure:13823: g++ -E  -DHAVE_EXPAT_CONFIG_H conftest.cpp
conftest.cpp:24:10: fatal error: ac_nonexistent.h: No such file or directory
   24 | #include <ac_nonexistent.h>
      |          ^~~~~~~~~~~~~~~~~~
compilation terminated.
configure:13823: $? = 1
configure: failed program was:
| /* confdefs.h */
| #define PACKAGE_NAME "expat"
| #define PACKAGE_TARNAME "expat"
| #define PACKAGE_VERSION "2.2.6"
| #define PACKAGE_STRING "expat 2.2.6"
| #define PACKAGE_BUGREPORT "expat-bugs@libexpat.org"
| #define PACKAGE_URL ""
| #define PACKAGE "expat"
| #define VERSION "2.2.6"
| #define HAVE_STDIO_H 1
| #define HAVE_STDLIB_H 1
| #define HAVE_STRING_H 1
| #define HAVE_INTTYPES_H 1
| #define HAVE_STDINT_H 1
| #define HAVE_STRINGS_H 1
| #define HAVE_SYS_STAT_H 1
| #define HAVE_SYS_TYPES_H 1
| #define HAVE_UNISTD_H 1
| #define HAVE_SYS_PARAM_H 1
| #define STDC_HEADERS 1
| #define HAVE_DLFCN_H 1
| #define LT_OBJDIR ".libs/"
| /* end confdefs.h.  */
| #include <ac_nonexistent.h>
configure:13850: result: g++ -E
configure:13864: g++ -E  -DHAVE_EXPAT_CONFIG_H conftest.cpp
configure:13864: $? = 0
configure:13879: g++ -E  -DHAVE_EXPAT_CONFIG_H conftest.cpp
conftest.cpp:24:10: fatal error: ac_nonexistent.h: No such file or directory
   24 | #include <ac_nonexistent.h>
      |          ^~~~~~~~~~~~~~~~~~
compilation terminated.
configure:13879: $? = 1
configure: failed program was:
| /* confdefs.h */
| #define PACKAGE_NAME "expat"
| #define PACKAGE_TARNAME "expat"
| #define PACKAGE_VERSION "2.2.6"
| #define PACKAGE_STRING "expat 2.2.6"
| #define PACKAGE_BUGREPORT "expat-bugs@libexpat.org"
| #define PACKAGE_URL ""
| #define PACKAGE "expat"
| #define VERSION "2.2.6"
| #define HAVE_STDIO_H 1
| #define HAVE_STDLIB_H 1
| #define HAVE_STRING_H 1
| #define HAVE_INTTYPES_H 1
| #define HAVE_STDINT_H 1
| #define HAVE_STRINGS_H 1
| #define HAVE_SYS_STAT_H 1
| #define HAVE_SYS_TYPES_H 1
| #define HAVE_UNISTD_H 1
| #define HAVE_SYS_PARAM_H 1
| #define STDC_HEADERS 1
| #define HAVE_DLFCN_H 1
| #define LT_OBJDIR ".libs/"
| /* end confdefs.h.  */
| #include <ac_nonexistent.h>
configure:14044: checking for ld used by g++
configure:14112: result: /usr/bin/ld -m elf_x86_64
configure:14119: checking if the linker (/usr/bin/ld -m elf_x86_64) is GNU ld
configure:14135: result: yes
configure:14190: checking whether the g++ linker (/usr/bin/ld -m elf_x86_64) supports shared libraries
configure:15267: result: yes
configure:15303: g++ -c -g -O2  -DHAVE_EXPAT_CONFIG_H conftest.cpp >&5
configure:15306: $? = 0
configure:15787: checking for g++ option to produce PIC
configure:15795: result: -fPIC -DPIC
configure:15803: checking if g++ PIC flag -fPIC -DPIC works
configure:15822: g++ -c -g -O2  -DHAVE_EXPAT_CONFIG_H -fPIC -DPIC -DPIC conftest.cpp >&5
configure:15826: $? = 0
configure:15839: result: yes
configure:15862: checking if g++ static flag -static works
configure:15891: result: yes
configure:15903: checking if g++ supports -c -o file.o
configure:15925: g++ -c -g -O2  -DHAVE_EXPAT_CONFIG_H -o out/conftest2.o conftest.cpp >&5
configure:15929: $? = 0
configure:15951: result: yes
configure:15956: checking if g++ supports -c -o file.o
configure:16004: result: yes
configure:16034: checking whether the g++ linker (/usr/bin/ld -m elf_x86_64) supports shared libraries
configure:16077: result: yes
configure:16219: checking dynamic linker characteristics
configure:16979: result: GNU/Linux ld.so
configure:17044: checking how to hardcode library paths into programs
configure:17069: result: immediate
configure:17114: checking whether gcc accepts -fexceptions
configure:17127: gcc -o conftest -g -O2 -Wall -Wmissing-prototypes -Wstrict-prototypes -fexceptions  -DHAVE_EXPAT_CONFIG_H  conftest.c  >&5
configure:17127: $? = 0
configure:17129: result: yes
configure:17149: checking for egrep
configure:17217: result: /usr/bin/grep -E
configure:17225: checking whether byte ordering is bigendian
configure:17248: gcc -c -g -O2 -Wall -Wmissing-prototypes -Wstrict-prototypes -fexceptions -fno-strict-aliasing  -DHAVE_EXPAT_CONFIG_H conftest.c >&5
configure:17248: $? = 0
configure:17266: gcc -c -g -O2 -Wall -Wmissing-prototypes -Wstrict-prototypes -fexceptions -fno-strict-aliasing  -DHAVE_EXPAT_CONFIG_H conftest.c >&5
conftest.c: In function 'main':
conftest.c:31:2: error: unknown type name 'not'; did you mean 'ino_t'?
   31 |  not big endian
      |  ^~~
      |  ino_t
conftest.c:31:10: error: expected '=', ',', ';', 'asm' or '__attribute__' before 'endian'
   31 |  not big endian
      |          ^~~~~~
configure:17266: $? = 1
configure: failed program was:
| /* confdefs.h */
| #define PACKAGE_NAME "expat"
| #define PACKAGE_TARNAME "expat"
| #define PACKAGE_VERSION "2.2.6"
| #define PACKAGE_STRING "expat 2.2.6"
| #define PACKAGE_BUGREPORT "expat-bugs@libexpat.org"
| #define PACKAGE_URL ""
| #define PACKAGE "expat"
| #define VERSION "2.2.6"
| #define HAVE_STDIO_H 1
| #define HAVE_STDLIB_H 1
| #define HAVE_STRING_H 1
| #define HAVE_INTTYPES_H 1
| #define HAVE_STDINT_H 1
| #define HAVE_STRINGS_H 1
| #define HAVE_SYS_STAT_H 1
| #define HAVE_SYS_TYPES_H 1
| #define HAVE_UNISTD_H 1
| #define HAVE_SYS_PARAM_H 1
| #define STDC_HEADERS 1
| #define HAVE_DLFCN_H 1
| #define LT_OBJDIR ".libs/"
| /* end confdefs.h.  */
| #include <sys/types.h>
| #include <sys/param.h>
| int
| main (void)
| {
| 
| #if BYTE_ORDER != BIG_ENDIAN
|  not big endian
| #endif
|   ;
|   return 0;
| }
configure:17305: result: no
configure:17356: checking for an ANSI C-conforming const
configure:17423: gcc -c -g -O2 -Wall -Wmissing-prototypes -Wstrict-prototypes -fexceptions -fno-strict-aliasing  -DHAVE_EXPAT_CONFIG_H conftest.c >&5
configure:17423: $? = 0
configure:17431: result: yes
configure:17439: checking for size_t
configure:17439: gcc -c -g -O2 -Wall -Wmissing-prototypes -Wstrict-prototypes -fexceptions -fno-strict-aliasing  -DHAVE_EXPAT_CONFIG_H conftest.c >&5
configure:17439: $? = 0
configure:17439: gcc -c -g -O2 -Wall -Wmissing-prototypes -Wstrict-prototypes -fexceptions -fno-strict-aliasing  -DHAVE_EXPAT_CONFIG_H conftest.c >&5
conftest.c: In function 'main':
conftest.c:56:21: error: expected expression before ')' token
   56 | if (sizeof ((size_t)))
      |                     ^
configure:17439: $? = 1
configure: failed program was:
| /* confdefs.h */
| #define PACKAGE_NAME "expat"
| #define PACKAGE_TARNAME "expat"
| #define PACKAGE_VERSION "2.2.6"
| #define PACKAGE_STRING "expat 2.2.6"
| #define PACKAGE_BUGREPORT "expat-bugs@libexpat.org"
| #define PACKAGE_URL ""
| #define PACKAGE "expat"
| #define VERSION "2.2.6"
| #define HAVE_STDIO_H 1
| #define HAVE_STDLIB_H 1
| #define HAVE_STRING_H 1
| #define HAVE_INTTYPES_H 1
| #define HAVE_STDINT_H 1
| #define HAVE_STRINGS_H 1
| #define HAVE_SYS_STAT_H 1
| #define HAVE_SYS_TYPES_H 1
| #define HAVE_UNISTD_H 1
| #define HAVE_SYS_PARAM_H 1
| #define STDC_HEADERS 1
| #define HAVE_DLFCN_H 1
| #define LT_OBJDIR ".libs/"
| #define BYTEORDER 1234
| /* end confdefs.h.  */
| #include <stddef.h>
| #ifdef HAVE_STDIO_H
| # include <stdio.h>
| #endif
| #ifdef HAVE_STDLIB_H
| # include <stdlib.h>
| #endif
| #ifdef HAVE_STRING_H
| # include <string.h>
| #endif
| #ifdef HAVE_INTTYPES_H
| # include <inttypes.h>
| #endif
| #ifdef HAVE_STDINT_H
| # include <stdint.h>
| #endif
| #ifdef HAVE_STRINGS_H
| # include <strings.h>
| #endif
| #ifdef HAVE_SYS_TYPES_H
| # include <sys/types.h>
| #endif
| #ifdef HAVE_SYS_STAT_H
| # include <sys/stat.h>
| #endif
| #ifdef HAVE_UNISTD_H
| # include <unistd.h>
| #endif
| int
| main (void)
| {
| if (sizeof ((size_t)))
| 	    return 0;
|   ;
|   return 0;
| }
configure:17439: result: yes
configure:17449: checking for memmove
configure:17449: gcc -o conftest -g -O2 -Wall -Wmissing-prototypes -Wstrict-prototypes -fexceptions -fno-strict-aliasing  -DHAVE_EXPAT_CONFIG_H  -fno-strict-aliasing conftest.c  >&5
conftest.c:41:1: warning: function declaration isn't a prototype [-Wstrict-prototypes]
   41 | char memmove ();
      | ^~~~
conftest.c:41:6: warning: conflicting types for built-in function 'memmove'; expected 'void *(void *, const void *, long unsigned int)' [-Wbuiltin-declaration-mismatch]
   41 | char memmove ();
      |      ^~~~~~~
conftest.c:33:1: note: 'memmove' is declared in header '<string.h>'
   32 | #include <limits.h>
   33 | #undef memmove
configure:17449: $? = 0
configure:17449: result: yes
configure:17455: checking for bcopy
configure:17455: gcc -o conftest -g -O2 -Wall -Wmissing-prototypes -Wstrict-prototypes -fexceptions -fno-strict-aliasing  -DHAVE_EXPAT_CONFIG_H  -fno-strict-aliasing conftest.c  >&5
conftest.c:42:1: warning: function declaration isn't a prototype [-Wstrict-prototypes]
   42 | char bcopy ();
      | ^~~~
conftest.c:42:6: warning: conflicting types for built-in function 'bcopy'; expected 'void(const void *, void *, long unsigned int)' [-Wbuiltin-declaration-mismatch]
   42 | char bcopy ();
      |      ^~~~~
configure:17455: $? = 0
configure:17455: result: yes
configure:17566: checking for arc4random_buf (BSD or libbsd)
configure:17581: gcc -o conftest -g -O2 -Wall -Wmissing-prototypes -Wstrict-prototypes -fexceptions -fno-strict-aliasing  -DHAVE_EXPAT_CONFIG_H  -fno-strict-aliasing conftest.c  >&5
conftest.c:32:7: warning: function declaration isn't a prototype [-Wstrict-prototypes]
   32 |   int main() {
      |       ^~~~
conftest.c: In function 'main':
conftest.c:33:5: warning: implicit declaration of function 'arc4random_buf' [-Wimplicit-function-declaration]
   33 |     arc4random_buf(NULL, 0U);
      |     ^~~~~~~~~~~~~~
/usr/bin/ld: /tmp/ccHpyy9O.o: in function `main':
/home/renuka/Desktop/Source/expat-2.2.6/conftest.c:33: undefined reference to `arc4random_buf'
collect2: error: ld returned 1 exit status
configure:17581: $? = 1
configure: failed program was:
| /* confdefs.h */
| #define PACKAGE_NAME "expat"
| #define PACKAGE_TARNAME "expat"
| #define PACKAGE_VERSION "2.2.6"
| #define PACKAGE_STRING "expat 2.2.6"
| #define PACKAGE_BUGREPORT "expat-bugs@libexpat.org"
| #define PACKAGE_URL ""
| #define PACKAGE "expat"
| #define VERSION "2.2.6"
| #define HAVE_STDIO_H 1
| #define HAVE_STDLIB_H 1
| #define HAVE_STRING_H 1
| #define HAVE_INTTYPES_H 1
| #define HAVE_STDINT_H 1
| #define HAVE_STRINGS_H 1
| #define HAVE_SYS_STAT_H 1
| #define HAVE_SYS_TYPES_H 1
| #define HAVE_UNISTD_H 1
| #define HAVE_SYS_PARAM_H 1
| #define STDC_HEADERS 1
| #define HAVE_DLFCN_H 1
| #define LT_OBJDIR ".libs/"
| #define BYTEORDER 1234
| #define HAVE_MEMMOVE 1
| #define HAVE_BCOPY 1
| /* end confdefs.h.  */
| 
|   #include <stdlib.h>  /* for arc4random_buf on BSD, for NULL */
|   #if defined(HAVE_LIBBSD)
|   # include <bsd/stdlib.h>
|   #endif
|   int main() {
|     arc4random_buf(NULL, 0U);
|     return 0;
|   }
| 
configure:17592: result: no
configure:17595: checking for arc4random (BSD, macOS or libbsd)
configure:17611: gcc -o conftest -g -O2 -Wall -Wmissing-prototypes -Wstrict-prototypes -fexceptions -fno-strict-aliasing  -DHAVE_EXPAT_CONFIG_H  -fno-strict-aliasing conftest.c  >&5
conftest.c:33:11: warning: function declaration isn't a prototype [-Wstrict-prototypes]
   33 |       int main() {
      |           ^~~~
conftest.c: In function 'main':
conftest.c:34:11: warning: implicit declaration of function 'arc4random'; did you mean 'srandom'? [-Wimplicit-function-declaration]
   34 |           arc4random();
      |           ^~~~~~~~~~
      |           srandom
/usr/bin/ld: /tmp/ccjgmYjD.o: in function `main':
/home/renuka/Desktop/Source/expat-2.2.6/conftest.c:34: undefined reference to `arc4random'
collect2: error: ld returned 1 exit status
configure:17611: $? = 1
configure: failed program was:
| /* confdefs.h */
| #define PACKAGE_NAME "expat"
| #define PACKAGE_TARNAME "expat"
| #define PACKAGE_VERSION "2.2.6"
| #define PACKAGE_STRING "expat 2.2.6"
| #define PACKAGE_BUGREPORT "expat-bugs@libexpat.org"
| #define PACKAGE_URL ""
| #define PACKAGE "expat"
| #define VERSION "2.2.6"
| #define HAVE_STDIO_H 1
| #define HAVE_STDLIB_H 1
| #define HAVE_STRING_H 1
| #define HAVE_INTTYPES_H 1
| #define HAVE_STDINT_H 1
| #define HAVE_STRINGS_H 1
| #define HAVE_SYS_STAT_H 1
| #define HAVE_SYS_TYPES_H 1
| #define HAVE_UNISTD_H 1
| #define HAVE_SYS_PARAM_H 1
| #define STDC_HEADERS 1
| #define HAVE_DLFCN_H 1
| #define LT_OBJDIR ".libs/"
| #define BYTEORDER 1234
| #define HAVE_MEMMOVE 1
| #define HAVE_BCOPY 1
| /* end confdefs.h.  */
| 
|       #if defined(HAVE_LIBBSD)
|       # include <bsd/stdlib.h>
|       #else
|       # include <stdlib.h>
|       #endif
|       int main() {
|           arc4random();
|           return 0;
|       }
| 
configure:17622: result: no
configure:17634: checking for getrandom (Linux 3.17+, glibc 2.25+)
configure:17646: gcc -o conftest -g -O2 -Wall -Wmissing-prototypes -Wstrict-prototypes -fexceptions -fno-strict-aliasing  -DHAVE_EXPAT_CONFIG_H  -fno-strict-aliasing conftest.c  >&5
conftest.c:30:7: warning: function declaration isn't a prototype [-Wstrict-prototypes]
   30 |   int main() {
      |       ^~~~
configure:17646: $? = 0
configure:17652: result: yes
configure:17697: checking for fcntl.h
configure:17697: gcc -c -g -O2 -Wall -Wmissing-prototypes -Wstrict-prototypes -fexceptions -fno-strict-aliasing  -DHAVE_EXPAT_CONFIG_H conftest.c >&5
configure:17697: $? = 0
configure:17697: result: yes
configure:17703: checking for unistd.h
configure:17703: result: yes
configure:17710: checking for off_t
configure:17710: gcc -c -g -O2 -Wall -Wmissing-prototypes -Wstrict-prototypes -fexceptions -fno-strict-aliasing  -DHAVE_EXPAT_CONFIG_H conftest.c >&5
configure:17710: $? = 0
configure:17710: gcc -c -g -O2 -Wall -Wmissing-prototypes -Wstrict-prototypes -fexceptions -fno-strict-aliasing  -DHAVE_EXPAT_CONFIG_H conftest.c >&5
conftest.c: In function 'main':
conftest.c:61:20: error: expected expression before ')' token
   61 | if (sizeof ((off_t)))
      |                    ^
configure:17710: $? = 1
configure: failed program was:
| /* confdefs.h */
| #define PACKAGE_NAME "expat"
| #define PACKAGE_TARNAME "expat"
| #define PACKAGE_VERSION "2.2.6"
| #define PACKAGE_STRING "expat 2.2.6"
| #define PACKAGE_BUGREPORT "expat-bugs@libexpat.org"
| #define PACKAGE_URL ""
| #define PACKAGE "expat"
| #define VERSION "2.2.6"
| #define HAVE_STDIO_H 1
| #define HAVE_STDLIB_H 1
| #define HAVE_STRING_H 1
| #define HAVE_INTTYPES_H 1
| #define HAVE_STDINT_H 1
| #define HAVE_STRINGS_H 1
| #define HAVE_SYS_STAT_H 1
| #define HAVE_SYS_TYPES_H 1
| #define HAVE_UNISTD_H 1
| #define HAVE_SYS_PARAM_H 1
| #define STDC_HEADERS 1
| #define HAVE_DLFCN_H 1
| #define LT_OBJDIR ".libs/"
| #define BYTEORDER 1234
| #define HAVE_MEMMOVE 1
| #define HAVE_BCOPY 1
| #define HAVE_GETRANDOM 1
| #define HAVE_FCNTL_H 1
| #define HAVE_UNISTD_H 1
| /* end confdefs.h.  */
| #include <stddef.h>
| #ifdef HAVE_STDIO_H
| # include <stdio.h>
| #endif
| #ifdef HAVE_STDLIB_H
| # include <stdlib.h>
| #endif
| #ifdef HAVE_STRING_H
| # include <string.h>
| #endif
| #ifdef HAVE_INTTYPES_H
| # include <inttypes.h>
| #endif
| #ifdef HAVE_STDINT_H
| # include <stdint.h>
| #endif
| #ifdef HAVE_STRINGS_H
| # include <strings.h>
| #endif
| #ifdef HAVE_SYS_TYPES_H
| # include <sys/types.h>
| #endif
| #ifdef HAVE_SYS_STAT_H
| # include <sys/stat.h>
| #endif
| #ifdef HAVE_UNISTD_H
| # include <unistd.h>
| #endif
| int
| main (void)
| {
| if (sizeof ((off_t)))
| 	    return 0;
|   ;
|   return 0;
| }
configure:17710: result: yes
configure:17725: checking for getpagesize
configure:17725: gcc -o conftest -g -O2 -Wall -Wmissing-prototypes -Wstrict-prototypes -fexceptions -fno-strict-aliasing  -DHAVE_EXPAT_CONFIG_H  -fno-strict-aliasing conftest.c  >&5
conftest.c:46:1: warning: function declaration isn't a prototype [-Wstrict-prototypes]
   46 | char getpagesize ();
      | ^~~~
configure:17725: $? = 0
configure:17725: result: yes
configure:17736: checking for working mmap
configure:17888: gcc -o conftest -g -O2 -Wall -Wmissing-prototypes -Wstrict-prototypes -fexceptions -fno-strict-aliasing  -DHAVE_EXPAT_CONFIG_H  -fno-strict-aliasing conftest.c  >&5
configure:17888: $? = 0
configure:17888: ./conftest
configure:17888: $? = 0
configure:17899: result: yes
configure:17966: checking for docbook2x-man
configure:18001: result: no
configure:17966: checking for db2x_docbook2man
configure:18001: result: no
configure:17966: checking for docbook2man
configure:18001: result: no
configure:17966: checking for docbook-to-man
configure:18001: result: no
configure:18143: checking that generated files are newer than configure
configure:18149: result: done
configure:18192: creating ./config.status

## ---------------- ##
## Cache variables. ##
## ---------------- ##

ac_cv_build=x86_64-pc-linux-gnu
ac_cv_c_bigendian=no
ac_cv_c_compiler_gnu=yes
ac_cv_c_const=yes
ac_cv_cxx_compiler_gnu=yes
ac_cv_env_CCC_set=
ac_cv_env_CCC_value=
ac_cv_env_CC_set=
ac_cv_env_CC_value=
ac_cv_env_CFLAGS_set=
ac_cv_env_CFLAGS_value=
ac_cv_env_CPPFLAGS_set=
ac_cv_env_CPPFLAGS_value=
ac_cv_env_CXXCPP_set=
ac_cv_env_CXXCPP_value=
ac_cv_env_CXXFLAGS_set=
ac_cv_env_CXXFLAGS_value=
ac_cv_env_CXX_set=
ac_cv_env_CXX_value=
ac_cv_env_DOCBOOK_TO_MAN_set=
ac_cv_env_DOCBOOK_TO_MAN_value=
ac_cv_env_LDFLAGS_set=
ac_cv_env_LDFLAGS_value=
ac_cv_env_LIBS_set=
ac_cv_env_LIBS_value=
ac_cv_env_LT_SYS_LIBRARY_PATH_set=
ac_cv_env_LT_SYS_LIBRARY_PATH_value=
ac_cv_env_build_alias_set=
ac_cv_env_build_alias_value=
ac_cv_env_host_alias_set=
ac_cv_env_host_alias_value=
ac_cv_env_target_alias_set=
ac_cv_env_target_alias_value=
ac_cv_func_bcopy=yes
ac_cv_func_getpagesize=yes
ac_cv_func_memmove=yes
ac_cv_func_mmap_fixed_mapped=yes
ac_cv_header_dlfcn_h=yes
ac_cv_header_fcntl_h=yes
ac_cv_header_inttypes_h=yes
ac_cv_header_stdint_h=yes
ac_cv_header_stdio_h=yes
ac_cv_header_stdlib_h=yes
ac_cv_header_string_h=yes
ac_cv_header_strings_h=yes
ac_cv_header_sys_param_h=yes
ac_cv_header_sys_stat_h=yes
ac_cv_header_sys_types_h=yes
ac_cv_header_unistd_h=yes
ac_cv_host=x86_64-pc-linux-gnu
ac_cv_objext=o
ac_cv_path_EGREP='/usr/bin/grep -E'
ac_cv_path_FGREP='/usr/bin/grep -F'
ac_cv_path_GREP=/usr/bin/grep
ac_cv_path_SED=/usr/bin/sed
ac_cv_path_install='/usr/bin/install -c'
ac_cv_path_lt_DD=/usr/bin/dd
ac_cv_path_mkdir=/usr/bin/mkdir
ac_cv_prog_AWK=mawk
ac_cv_prog_CXXCPP='g++ -E'
ac_cv_prog_ac_ct_AR=ar
ac_cv_prog_ac_ct_CC=gcc
ac_cv_prog_ac_ct_CXX=g++
ac_cv_prog_ac_ct_DLLTOOL=dlltool
ac_cv_prog_ac_ct_MANIFEST_TOOL=mt
ac_cv_prog_ac_ct_OBJDUMP=objdump
ac_cv_prog_ac_ct_RANLIB=ranlib
ac_cv_prog_ac_ct_STRIP=strip
ac_cv_prog_cc_c11=
ac_cv_prog_cc_g=yes
ac_cv_prog_cc_stdc=
ac_cv_prog_cxx_11=no
ac_cv_prog_cxx_cxx11=
ac_cv_prog_cxx_g=yes
ac_cv_prog_cxx_stdcxx=
ac_cv_prog_make_make_set=yes
ac_cv_type_off_t=yes
ac_cv_type_size_t=yes
am_cv_CC_dependencies_compiler_type=gcc3
am_cv_CXX_dependencies_compiler_type=gcc3
am_cv_make_support_nested_variables=yes
am_cv_prog_cc_c_o=yes
lt_cv_ar_at_file=@
lt_cv_archive_cmds_need_lc=no
lt_cv_deplibs_check_method=pass_all
lt_cv_file_magic_cmd='$MAGIC_CMD'
lt_cv_file_magic_test_file=
lt_cv_ld_reload_flag=-r
lt_cv_nm_interface='BSD nm'
lt_cv_objdir=.libs
lt_cv_path_LD=/usr/bin/ld
lt_cv_path_LDCXX='/usr/bin/ld -m elf_x86_64'
lt_cv_path_NM='/usr/bin/nm -B'
lt_cv_path_mainfest_tool=no
lt_cv_prog_compiler_c_o=yes
lt_cv_prog_compiler_c_o_CXX=yes
lt_cv_prog_compiler_pic='-fPIC -DPIC'
lt_cv_prog_compiler_pic_CXX='-fPIC -DPIC'
lt_cv_prog_compiler_pic_works=yes
lt_cv_prog_compiler_pic_works_CXX=yes
lt_cv_prog_compiler_rtti_exceptions=no
lt_cv_prog_compiler_static_works=yes
lt_cv_prog_compiler_static_works_CXX=yes
lt_cv_prog_gnu_ld=yes
lt_cv_prog_gnu_ldcxx=yes
lt_cv_sharedlib_from_linklib_cmd='printf %s\n'
lt_cv_shlibpath_overrides_runpath=yes
lt_cv_sys_global_symbol_pipe='sed -n -e '\''s/^.*[	 ]\([ABCDGIRSTW][ABCDGIRSTW]*\)[	 ][	 ]*\([_A-Za-z][_A-Za-z0-9]*\)$/\1 \2 \2/p'\'' | sed '\''/ __gnu_lto/d'\'''
lt_cv_sys_global_symbol_to_c_name_address='sed -n -e '\''s/^: \(.*\) .*$/  {"\1", (void *) 0},/p'\'' -e '\''s/^[ABCDGIRSTW][ABCDGIRSTW]* .* \(.*\)$/  {"\1", (void *) \&\1},/p'\'''
lt_cv_sys_global_symbol_to_c_name_address_lib_prefix='sed -n -e '\''s/^: \(.*\) .*$/  {"\1", (void *) 0},/p'\'' -e '\''s/^[ABCDGIRSTW][ABCDGIRSTW]* .* \(lib.*\)$/  {"\1", (void *) \&\1},/p'\'' -e '\''s/^[ABCDGIRSTW][ABCDGIRSTW]* .* \(.*\)$/  {"lib\1", (void *) \&\1},/p'\'''
lt_cv_sys_global_symbol_to_cdecl='sed -n -e '\''s/^T .* \(.*\)$/extern int \1();/p'\'' -e '\''s/^[ABCDGIRSTW][ABCDGIRSTW]* .* \(.*\)$/extern char \1;/p'\'''
lt_cv_sys_global_symbol_to_import=
lt_cv_sys_max_cmd_len=1572864
lt_cv_to_host_file_cmd=func_convert_file_noop
lt_cv_to_tool_file_cmd=func_convert_file_noop
lt_cv_truncate_bin='/usr/bin/dd bs=4096 count=1'

## ----------------- ##
## Output variables. ##
## ----------------- ##

ACLOCAL='${SHELL} '\''/home/renuka/Desktop/Source/expat-2.2.6/conftools/missing'\'' aclocal-1.16'
AMDEPBACKSLASH='\'
AMDEP_FALSE='#'
AMDEP_TRUE=''
AMTAR='$${TAR-tar}'
AM_BACKSLASH='\'
AM_DEFAULT_V='$(AM_DEFAULT_VERBOSITY)'
AM_DEFAULT_VERBOSITY='1'
AM_V='$(V)'
AR='ar'
AS='as'
AUTOCONF='${SHELL} '\''/home/renuka/Desktop/Source/expat-2.2.6/conftools/missing'\'' autoconf'
AUTOHEADER='${SHELL} '\''/home/renuka/Desktop/Source/expat-2.2.6/conftools/missing'\'' autoheader'
AUTOMAKE='${SHELL} '\''/home/renuka/Desktop/Source/expat-2.2.6/conftools/missing'\'' automake-1.16'
AWK='mawk'
CC='gcc'
CCDEPMODE='depmode=gcc3'
CFLAGS='-g -O2 -Wall -Wmissing-prototypes -Wstrict-prototypes -fexceptions -fno-strict-aliasing'
CPPFLAGS=' -DHAVE_EXPAT_CONFIG_H'
CSCOPE='cscope'
CTAGS='ctags'
CXX='g++'
CXXCPP='g++ -E'
CXXDEPMODE='depmode=gcc3'
CXXFLAGS='-g -O2 -fno-strict-aliasing'
CYGPATH_W='echo'
DEFS='-DHAVE_CONFIG_H'
DEPDIR='.deps'
DLLTOOL='dlltool'
DOCBOOK_TO_MAN=''
DSYMUTIL=''
DUMPBIN=''
ECHO_C=''
ECHO_N='-n'
ECHO_T=''
EGREP='/usr/bin/grep -E'
ETAGS='etags'
EXEEXT=''
FGREP='/usr/bin/grep -F'
FILEMAP='unixfilemap'
GREP='/usr/bin/grep'
INSTALL_DATA='${INSTALL} -m 644'
INSTALL_PROGRAM='${INSTALL}'
INSTALL_SCRIPT='${INSTALL}'
INSTALL_STRIP_PROGRAM='$(install_sh) -c -s'
LD='/usr/bin/ld -m elf_x86_64'
LDFLAGS=' -fno-strict-aliasing'
LIBAGE='6'
LIBCURRENT='7'
LIBOBJS=''
LIBREVISION='8'
LIBS=''
LIBTOOL='$(SHELL) $(top_builddir)/libtool'
LIPO=''
LN_S='ln -s'
LTLIBOBJS=''
LT_SYS_LIBRARY_PATH=''
MAKEINFO='${SHELL} '\''/home/renuka/Desktop/Source/expat-2.2.6/conftools/missing'\'' makeinfo'
MANIFEST_TOOL=':'
MINGW_FALSE=''
MINGW_TRUE='#'
MKDIR_P='/usr/bin/mkdir -p'
NM='/usr/bin/nm -B'
NMEDIT=''
OBJDUMP='objdump'
OBJEXT='o'
OTOOL64=''
OTOOL=''
PACKAGE='expat'
PACKAGE_BUGREPORT='expat-bugs@libexpat.org'
PACKAGE_NAME='expat'
PACKAGE_STRING='expat 2.2.6'
PACKAGE_TARNAME='expat'
PACKAGE_URL=''
PACKAGE_VERSION='2.2.6'
PATH_SEPARATOR=':'
RANLIB='ranlib'
SED='/usr/bin/sed'
SET_MAKE=''
SHELL='/bin/bash'
STRIP='strip'
UNICODE_FALSE=''
UNICODE_TRUE='#'
VERSION='2.2.6'
WITH_DOCBOOK_FALSE=''
WITH_DOCBOOK_TRUE='#'
WITH_XMLWF_FALSE='#'
WITH_XMLWF_TRUE=''
ac_ct_AR='ar'
ac_ct_CC='gcc'
ac_ct_CXX='g++'
ac_ct_DUMPBIN=''
am__EXEEXT_FALSE=''
am__EXEEXT_TRUE='#'
am__fastdepCC_FALSE='#'
am__fastdepCC_TRUE=''
am__fastdepCXX_FALSE='#'
am__fastdepCXX_TRUE=''
am__include='include'
am__isrc=''
am__leading_dot='.'
am__nodep='_no'
am__quote=''
am__tar='$${TAR-tar} chof - "$$tardir"'
am__untar='$${TAR-tar} xf -'
bindir='${exec_prefix}/bin'
build='x86_64-pc-linux-gnu'
build_alias=''
build_cpu='x86_64'
build_os='linux-gnu'
build_vendor='pc'
datadir='${datarootdir}'
datarootdir='${prefix}/share'
docdir='${datarootdir}/doc/${PACKAGE_TARNAME}'
dvidir='${docdir}'
exec_prefix='${prefix}'
host='x86_64-pc-linux-gnu'
host_alias=''
host_cpu='x86_64'
host_os='linux-gnu'
host_vendor='pc'
htmldir='${docdir}'
includedir='${prefix}/include'
infodir='${datarootdir}/info'
install_sh='${SHELL} /home/renuka/Desktop/Source/expat-2.2.6/conftools/install-sh'
libdir='${exec_prefix}/lib'
libexecdir='${exec_prefix}/libexec'
localedir='${datarootdir}/locale'
localstatedir='${prefix}/var'
mandir='${datarootdir}/man'
mkdir_p='$(MKDIR_P)'
oldincludedir='/usr/include'
pdfdir='${docdir}'
prefix='/usr/local'
program_transform_name='s,x,x,'
psdir='${docdir}'
runstatedir='${localstatedir}/run'
sbindir='${exec_prefix}/sbin'
sharedstatedir='${prefix}/com'
sysconfdir='${prefix}/etc'
target_alias=''

## ----------- ##
## confdefs.h. ##
## ----------- ##

/* confdefs.h */
#define PACKAGE_NAME "expat"
#define PACKAGE_TARNAME "expat"
#define PACKAGE_VERSION "2.2.6"
#define PACKAGE_STRING "expat 2.2.6"
#define PACKAGE_BUGREPORT "expat-bugs@libexpat.org"
#define PACKAGE_URL ""
#define PACKAGE "expat"
#define VERSION "2.2.6"
#define HAVE_STDIO_H 1
#define HAVE_STDLIB_H 1
#define HAVE_STRING_H 1
#define HAVE_INTTYPES_H 1
#define HAVE_STDINT_H 1
#define HAVE_STRINGS_H 1
#define HAVE_SYS_STAT_H 1
#define HAVE_SYS_TYPES_H 1
#define HAVE_UNISTD_H 1
#define HAVE_SYS_PARAM_H 1
#define STDC_HEADERS 1
#define HAVE_DLFCN_H 1
#define LT_OBJDIR ".libs/"
#define BYTEORDER 1234
#define HAVE_MEMMOVE 1
#define HAVE_BCOPY 1
#define HAVE_GETRANDOM 1
#define HAVE_FCNTL_H 1
#define HAVE_UNISTD_H 1
#define HAVE_GETPAGESIZE 1
#define HAVE_MMAP 1
#define XML_NS 1
#define XML_DTD 1
#define XML_DEV_URANDOM 1
#define XML_CONTEXT_BYTES 1024

configure: exit 0

## ---------------------- ##
## Running config.status. ##
## ---------------------- ##

This file was extended by expat config.status 2.2.6, which was
generated by GNU Autoconf 2.71.  Invocation command line was

  CONFIG_FILES    = 
  CONFIG_HEADERS  = 
  CONFIG_LINKS    = 
  CONFIG_COMMANDS = 
  $ ./config.status 

on renuka

config.status:1178: creating Makefile
config.status:1178: creating expat.pc
config.status:1178: creating doc/Makefile
config.status:1178: creating examples/Makefile
config.status:1178: creating lib/Makefile
config.status:1178: creating tests/Makefile
config.status:1178: creating tests/benchmark/Makefile
config.status:1178: creating xmlwf/Makefile
config.status:1178: creating run.sh
config.status:1178: creating expat_config.h
config.status:1407: executing depfiles commands
config.status:1484: cd examples       && sed -e '/# am--include-marker/d' Makefile         | make -f - am--depfiles
make[1]: Entering directory '/home/renuka/Desktop/Source/expat-2.2.6/examples'
make[1]: Nothing to be done for 'am--depfiles'.
make[1]: Leaving directory '/home/renuka/Desktop/Source/expat-2.2.6/examples'
config.status:1489: $? = 0
config.status:1484: cd lib       && sed -e '/# am--include-marker/d' Makefile         | make -f - am--depfiles
make[1]: Entering directory '/home/renuka/Desktop/Source/expat-2.2.6/lib'
make[1]: Nothing to be done for 'am--depfiles'.
make[1]: Leaving directory '/home/renuka/Desktop/Source/expat-2.2.6/lib'
config.status:1489: $? = 0
config.status:1484: cd tests       && sed -e '/# am--include-marker/d' Makefile         | make -f - am--depfiles
make[1]: Entering directory '/home/renuka/Desktop/Source/expat-2.2.6/tests'
make[1]: Leaving directory '/home/renuka/Desktop/Source/expat-2.2.6/tests'
config.status:1489: $? = 0
config.status:1484: cd tests/benchmark       && sed -e '/# am--include-marker/d' Makefile         | make -f - am--depfiles
make[1]: Entering directory '/home/renuka/Desktop/Source/expat-2.2.6/tests/benchmark'
make[1]: Nothing to be done for 'am--depfiles'.
make[1]: Leaving directory '/home/renuka/Desktop/Source/expat-2.2.6/tests/benchmark'
config.status:1489: $? = 0
config.status:1484: cd xmlwf       && sed -e '/# am--include-marker/d' Makefile         | make -f - am--depfiles
make[1]: Entering directory '/home/renuka/Desktop/Source/expat-2.2.6/xmlwf'
make[1]: Nothing to be done for 'am--depfiles'.
make[1]: Leaving directory '/home/renuka/Desktop/Source/expat-2.2.6/xmlwf'
config.status:1489: $? = 0
config.status:1407: executing libtool commands
